1729186225.530763 client started (25098): version 3.4, socket /private/tmp/tmux-501/default, protocol 8
1729186225.530800 on Darwin 23.5.0 Darwin Kernel Version 23.5.0: Wed May  1 20:12:58 PDT 2024; root:xnu-10063.121.3~5/RELEASE_ARM64_T6000
1729186225.530809 using libevent 2.1.12-stable select
1729186225.531083 using utf8proc 2.9.0
1729186225.531099 using ncurses 6.5 20240427
1729186225.531116 flags are 0x10010000
1729186225.531123 socket is /private/tmp/tmux-501/default
1729186225.531134 trying connect
1729186225.531169 add peer 0x128028000: 6 (0x0)
1729186225.533100 sending message 100 to peer 0x128028000 (4 bytes)
1729186225.533112 sending message 111 to peer 0x128028000 (8 bytes)
1729186225.533117 sending message 101 to peer 0x128028000 (16 bytes)
1729186225.533122 sending message 109 to peer 0x128028000 (4 bytes)
1729186225.533126 sending message 102 to peer 0x128028000 (13 bytes)
1729186225.533130 sending message 108 to peer 0x128028000 (58 bytes)
1729186225.533134 sending message 112 to peer 0x128028000 (70 bytes)
1729186225.533138 sending message 112 to peer 0x128028000 (5 bytes)
1729186225.533142 sending message 112 to peer 0x128028000 (5 bytes)
1729186225.533146 sending message 112 to peer 0x128028000 (6 bytes)
1729186225.533150 sending message 112 to peer 0x128028000 (6 bytes)
1729186225.533153 sending message 112 to peer 0x128028000 (11 bytes)
1729186225.533157 sending message 112 to peer 0x128028000 (10 bytes)
1729186225.533161 sending message 112 to peer 0x128028000 (13 bytes)
1729186225.533165 sending message 112 to peer 0x128028000 (13 bytes)
1729186225.533169 sending message 112 to peer 0x128028000 (18 bytes)
1729186225.533172 sending message 112 to peer 0x128028000 (11 bytes)
1729186225.533176 sending message 112 to peer 0x128028000 (21 bytes)
1729186225.533180 sending message 112 to peer 0x128028000 (13 bytes)
1729186225.533184 sending message 112 to peer 0x128028000 (7 bytes)
1729186225.533187 sending message 112 to peer 0x128028000 (13 bytes)
1729186225.533191 sending message 112 to peer 0x128028000 (7 bytes)
1729186225.533195 sending message 112 to peer 0x128028000 (13 bytes)
1729186225.533199 sending message 112 to peer 0x128028000 (9 bytes)
1729186225.533202 sending message 112 to peer 0x128028000 (21 bytes)
1729186225.533206 sending message 112 to peer 0x128028000 (13 bytes)
1729186225.533210 sending message 112 to peer 0x128028000 (8 bytes)
1729186225.533214 sending message 112 to peer 0x128028000 (12 bytes)
1729186225.533217 sending message 112 to peer 0x128028000 (13 bytes)
1729186225.533221 sending message 112 to peer 0x128028000 (9 bytes)
1729186225.533225 sending message 112 to peer 0x128028000 (9 bytes)
1729186225.533229 sending message 112 to peer 0x128028000 (12 bytes)
1729186225.533232 sending message 112 to peer 0x128028000 (8 bytes)
1729186225.533236 sending message 112 to peer 0x128028000 (7 bytes)
1729186225.533240 sending message 112 to peer 0x128028000 (7 bytes)
1729186225.533243 sending message 112 to peer 0x128028000 (9 bytes)
1729186225.533247 sending message 112 to peer 0x128028000 (13 bytes)
1729186225.533251 sending message 112 to peer 0x128028000 (9 bytes)
1729186225.533255 sending message 112 to peer 0x128028000 (13 bytes)
1729186225.533258 sending message 112 to peer 0x128028000 (12 bytes)
1729186225.533262 sending message 112 to peer 0x128028000 (8 bytes)
1729186225.533266 sending message 112 to peer 0x128028000 (9 bytes)
1729186225.533270 sending message 112 to peer 0x128028000 (10 bytes)
1729186225.533273 sending message 112 to peer 0x128028000 (10 bytes)
1729186225.533277 sending message 112 to peer 0x128028000 (10 bytes)
1729186225.533281 sending message 112 to peer 0x128028000 (10 bytes)
1729186225.533285 sending message 112 to peer 0x128028000 (11 bytes)
1729186225.533288 sending message 112 to peer 0x128028000 (10 bytes)
1729186225.533292 sending message 112 to peer 0x128028000 (8 bytes)
1729186225.533296 sending message 112 to peer 0x128028000 (11 bytes)
1729186225.533300 sending message 112 to peer 0x128028000 (11 bytes)
1729186225.533303 sending message 112 to peer 0x128028000 (11 bytes)
1729186225.533314 sending message 112 to peer 0x128028000 (8 bytes)
1729186225.533317 sending message 112 to peer 0x128028000 (8 bytes)
1729186225.533320 sending message 112 to peer 0x128028000 (8 bytes)
1729186225.533323 sending message 112 to peer 0x128028000 (10 bytes)
1729186225.533325 sending message 112 to peer 0x128028000 (10 bytes)
1729186225.533328 sending message 112 to peer 0x128028000 (10 bytes)
1729186225.533330 sending message 112 to peer 0x128028000 (10 bytes)
1729186225.533333 sending message 112 to peer 0x128028000 (10 bytes)
1729186225.533336 sending message 112 to peer 0x128028000 (11 bytes)
1729186225.533338 sending message 112 to peer 0x128028000 (11 bytes)
1729186225.533341 sending message 112 to peer 0x128028000 (10 bytes)
1729186225.533343 sending message 112 to peer 0x128028000 (9 bytes)
1729186225.533346 sending message 112 to peer 0x128028000 (9 bytes)
1729186225.533349 sending message 112 to peer 0x128028000 (12 bytes)
1729186225.533351 sending message 112 to peer 0x128028000 (9 bytes)
1729186225.533354 sending message 112 to peer 0x128028000 (6 bytes)
1729186225.533356 sending message 112 to peer 0x128028000 (8 bytes)
1729186225.533359 sending message 112 to peer 0x128028000 (15 bytes)
1729186225.533362 sending message 112 to peer 0x128028000 (13 bytes)
1729186225.533364 sending message 112 to peer 0x128028000 (70 bytes)
1729186225.533367 sending message 112 to peer 0x128028000 (69 bytes)
1729186225.533369 sending message 112 to peer 0x128028000 (10 bytes)
1729186225.533372 sending message 112 to peer 0x128028000 (8 bytes)
1729186225.533374 sending message 112 to peer 0x128028000 (15 bytes)
1729186225.533377 sending message 112 to peer 0x128028000 (13 bytes)
1729186225.533380 sending message 112 to peer 0x128028000 (10 bytes)
1729186225.533382 sending message 112 to peer 0x128028000 (10 bytes)
1729186225.533385 sending message 112 to peer 0x128028000 (5 bytes)
1729186225.533387 sending message 112 to peer 0x128028000 (5 bytes)
1729186225.533391 sending message 104 to peer 0x128028000 (0 bytes)
1729186225.533394 sending message 110 to peer 0x128028000 (0 bytes)
1729186225.533396 sending message 107 to peer 0x128028000 (4 bytes)
1729186225.533399 sending message 105 to peer 0x128028000 (15 bytes)
1729186225.533402 sending message 105 to peer 0x128028000 (20 bytes)
1729186225.533404 sending message 105 to peer 0x128028000 (22 bytes)
1729186225.533407 sending message 105 to peer 0x128028000 (19 bytes)
1729186225.533410 sending message 105 to peer 0x128028000 (25 bytes)
1729186225.533412 sending message 105 to peer 0x128028000 (37 bytes)
1729186225.533415 sending message 105 to peer 0x128028000 (30 bytes)
1729186225.533417 sending message 105 to peer 0x128028000 (34 bytes)
1729186225.533420 sending message 105 to peer 0x128028000 (60 bytes)
1729186225.533423 sending message 105 to peer 0x128028000 (21 bytes)
1729186225.533425 sending message 105 to peer 0x128028000 (61 bytes)
1729186225.533428 sending message 105 to peer 0x128028000 (65 bytes)
1729186225.533430 sending message 105 to peer 0x128028000 (69 bytes)
1729186225.533433 sending message 105 to peer 0x128028000 (70 bytes)
1729186225.533436 sending message 105 to peer 0x128028000 (17 bytes)
1729186225.533439 sending message 105 to peer 0x128028000 (19 bytes)
1729186225.533441 sending message 105 to peer 0x128028000 (26 bytes)
1729186225.533444 sending message 105 to peer 0x128028000 (8 bytes)
1729186225.533447 sending message 105 to peer 0x128028000 (21 bytes)
1729186225.533449 sending message 105 to peer 0x128028000 (32 bytes)
1729186225.533452 sending message 105 to peer 0x128028000 (96 bytes)
1729186225.533455 sending message 105 to peer 0x128028000 (54 bytes)
1729186225.533458 sending message 105 to peer 0x128028000 (59 bytes)
1729186225.533460 sending message 105 to peer 0x128028000 (16 bytes)
1729186225.533463 sending message 105 to peer 0x128028000 (33 bytes)
1729186225.533465 sending message 105 to peer 0x128028000 (68 bytes)
1729186225.533468 sending message 105 to peer 0x128028000 (65 bytes)
1729186225.533471 sending message 105 to peer 0x128028000 (12 bytes)
1729186225.533479 sending message 105 to peer 0x128028000 (11 bytes)
1729186225.533482 sending message 105 to peer 0x128028000 (983 bytes)
1729186225.533485 sending message 105 to peer 0x128028000 (62 bytes)
1729186225.533487 sending message 105 to peer 0x128028000 (24 bytes)
1729186225.533490 sending message 105 to peer 0x128028000 (15 bytes)
1729186225.533493 sending message 105 to peer 0x128028000 (8 bytes)
1729186225.533495 sending message 105 to peer 0x128028000 (66 bytes)
1729186225.533498 sending message 105 to peer 0x128028000 (21 bytes)
1729186225.533501 sending message 105 to peer 0x128028000 (86 bytes)
1729186225.533503 sending message 105 to peer 0x128028000 (42 bytes)
1729186225.533506 sending message 105 to peer 0x128028000 (18 bytes)
1729186225.533509 sending message 105 to peer 0x128028000 (25 bytes)
1729186225.533514 sending message 105 to peer 0x128028000 (60 bytes)
1729186225.533517 sending message 105 to peer 0x128028000 (57 bytes)
1729186225.533520 sending message 105 to peer 0x128028000 (43 bytes)
1729186225.533522 sending message 105 to peer 0x128028000 (13 bytes)
1729186225.533525 sending message 105 to peer 0x128028000 (18 bytes)
1729186225.533528 sending message 105 to peer 0x128028000 (14 bytes)
1729186225.533530 sending message 105 to peer 0x128028000 (19 bytes)
1729186225.533533 sending message 105 to peer 0x128028000 (35 bytes)
1729186225.533536 sending message 105 to peer 0x128028000 (26 bytes)
1729186225.533538 sending message 105 to peer 0x128028000 (22 bytes)
1729186225.533541 sending message 105 to peer 0x128028000 (43 bytes)
1729186225.533544 sending message 105 to peer 0x128028000 (32 bytes)
1729186225.533546 sending message 105 to peer 0x128028000 (10 bytes)
1729186225.533549 sending message 105 to peer 0x128028000 (25 bytes)
1729186225.533552 sending message 106 to peer 0x128028000 (0 bytes)
1729186225.533587 sending message 200 to peer 0x128028000 (4 bytes)
1729186225.533591 client loop enter
1729186225.533704 peer 0x128028000 message 303
1729186225.533709 open write file 2 -
1729186225.533715 sending message 305 to peer 0x128028000 (8 bytes)
1729186225.533724 write check file 2
1729186225.533737 peer 0x128028000 message 304
1729186225.533740 write 58 to file 2
1729186225.533744 peer 0x128028000 message 203
1729186225.533747 file 2 58 bytes left
1729186225.533756 write check file 2
1729186225.533759 client loop exit
